app/build/outputs/logs/manifest-merger-debug-report.txt
-- Merging decision tree log ---
manifest
ADDED from src\main\AndroidManifest.xml:2:1-226:12
	package
		ADDED from src\main\AndroidManifest.xml:3:5-34
		INJECTED from src\main\AndroidManifest.xml
		INJECTED from src\main\AndroidManifest.xml
	android:versionName
		ADDED from src\main\AndroidManifest.xml:5:5-30
		INJECTED from src\main\AndroidManifest.xml
		INJECTED from src\main\AndroidManifest.xml
	android:versionCode
		ADDED from src\main\AndroidManifest.xml:4:5-28
		INJECTED from src\main\AndroidManifest.xml
		INJECTED from src\main\AndroidManifest.xml
	xmlns:android
		ADDED from src\main\AndroidManifest.xml:2:11-69
uses-sdk
ADDED from src\main\AndroidManifest.xml:7:5-9:41
MERGED from [TeamMeeting021:sweetAlertDialogLibrary:unspecified] AndroidManifest.xml:7:5-9:41
	android:targetSdkVersion
		ADDED from src\main\AndroidManifest.xml:9:9-38
		INJECTED from src\main\AndroidManifest.xml
		INJECTED from src\main\AndroidManifest.xml
	android:minSdkVersion
		ADDED from src\main\AndroidManifest.xml:8:9-35
		INJECTED from src\main\AndroidManifest.xml
		INJECTED from src\main\AndroidManifest.xml
permission#org.dync.teameeting.permission.JPUSH_MESSAGE
ADDED from src\main\AndroidManifest.xml:11:5-13:47
	android:protectionLevel
		ADDED from src\main\AndroidManifest.xml:13:9-44
	android:name
		ADDED from src\main\AndroidManifest.xml:12:9-68
uses-permission#android.permission.FLASHLIGHT
ADDED from src\main\AndroidManifest.xml:15:5-69
	android:name
		ADDED from src\main\AndroidManifest.xml:15:22-66
uses-permission#android.permission.CAMERA
ADDED from src\main\AndroidManifest.xml:16:5-65
	android:name
		ADDED from src\main\AndroidManifest.xml:16:22-62
uses-feature#android.hardware.camera
ADDED from src\main\AndroidManifest.xml:18:5-60
	android:name
		ADDED from src\main\AndroidManifest.xml:18:19-57
uses-feature#android.hardware.camera.autofocus
ADDED from src\main\AndroidManifest.xml:19:5-70
	android:name
		ADDED from src\main\AndroidManifest.xml:19:19-67
uses-feature#android.hardware.camera.flash
ADDED from src\main\AndroidManifest.xml:20:5-66
	android:name
		ADDED from src\main\AndroidManifest.xml:20:19-63
uses-permission#android.permission.RECORD_AUDIO
ADDED from src\main\AndroidManifest.xml:22:5-71
	android:name
		ADDED from src\main\AndroidManifest.xml:22:22-68
uses-permission#android.permission.WAKE_LOCK
ADDED from src\main\AndroidManifest.xml:23:5-68
	android:name
		ADDED from src\main\AndroidManifest.xml:23:22-65
uses-permission#android.permission.MODIFY_AUDIO_SETTINGS
ADDED from src\main\AndroidManifest.xml:24:5-80
	android:name
		ADDED from src\main\AndroidManifest.xml:24:22-77
uses-permission#android.permission.VIBRATE
ADDED from src\main\AndroidManifest.xml:25:5-66
	android:name
		ADDED from src\main\AndroidManifest.xml:25:22-63
uses-permission#android.permission.BLUETOOTH
ADDED from src\main\AndroidManifest.xml:26:5-68
	android:name
		ADDED from src\main\AndroidManifest.xml:26:22-65
uses-permission#android.permission.READ_PHONE_STATE
ADDED from src\main\AndroidManifest.xml:27:5-75
	android:name
		ADDED from src\main\AndroidManifest.xml:27:22-72
uses-permission#android.permission.READ_SETTINGS
ADDED from src\main\AndroidManifest.xml:28:5-72
	android:name
		ADDED from src\main\AndroidManifest.xml:28:22-69
uses-permission#android.permission.WRITE_SETTINGS
ADDED from src\main\AndroidManifest.xml:29:5-73
	android:name
		ADDED from src\main\AndroidManifest.xml:29:22-70
uses-permission#android.permission.READ_EXTERNAL_STORAGE
ADDED from src\main\AndroidManifest.xml:30:5-80
	android:name
		ADDED from src\main\AndroidManifest.xml:30:22-77
uses-permission#android.permission.ACCESS_NETWORK_STATE
ADDED from src\main\AndroidManifest.xml:31:5-79
	android:name
		ADDED from src\main\AndroidManifest.xml:31:22-76
uses-permission#android.permission.ACCESS_WIFI_STATE
ADDED from src\main\AndroidManifest.xml:32:5-76
	android:name
		ADDED from src\main\AndroidManifest.xml:32:22-73
uses-permission#android.permission.WRITE_EXTERNAL_STORAGE
ADDED from src\main\AndroidManifest.xml:33:5-81
	android:name
		ADDED from src\main\AndroidManifest.xml:33:22-78
uses-permission#android.permission.READ_LOGS
ADDED from src\main\AndroidManifest.xml:34:5-68
	android:name
		ADDED from src\main\AndroidManifest.xml:34:22-65
uses-permission#android.permission.CALL_PHONE
ADDED from src\main\AndroidManifest.xml:35:5-69
	android:name
		ADDED from src\main\AndroidManifest.xml:35:22-66
uses-permission#android.permission.ACCESS_FINE_LOCATION
ADDED from src\main\AndroidManifest.xml:36:5-79
	android:name
		ADDED from src\main\AndroidManifest.xml:36:22-76
uses-permission#android.permission.ACCESS_COARSE_LOCATION
ADDED from src\main\AndroidManifest.xml:37:5-81
	android:name
		ADDED from src\main\AndroidManifest.xml:37:22-78
uses-permission#org.dync.teameeting.permission.JPUSH_MESSAGE
ADDED from src\main\AndroidManifest.xml:40:5-84
	android:name
		ADDED from src\main\AndroidManifest.xml:40:22-81
uses-permission#android.permission.RECEIVE_USER_PRESENT
ADDED from src\main\AndroidManifest.xml:41:5-79
	android:name
		ADDED from src\main\AndroidManifest.xml:41:22-76
uses-permission#android.permission.INTERNET
ADDED from src\main\AndroidManifest.xml:42:5-67
	android:name
		ADDED from src\main\AndroidManifest.xml:42:22-64
uses-permission#android.permission.CHANGE_WIFI_STATE
ADDED from src\main\AndroidManifest.xml:46:5-76
	android:name
		ADDED from src\main\AndroidManifest.xml:46:22-73
uses-permission#android.permission.ACCESS_LOCATION_EXTRA_COMMANDS
ADDED from src\main\AndroidManifest.xml:47:5-89
	android:name
		ADDED from src\main\AndroidManifest.xml:47:22-86
uses-permission#android.permission.CHANGE_NETWORK_STATE
ADDED from src\main\AndroidManifest.xml:48:5-79
	android:name
		ADDED from src\main\AndroidManifest.xml:48:22-76
application
ADDED from src\main\AndroidManifest.xml:50:5-224:19
	android:label
		ADDED from src\main\AndroidManifest.xml:54:9-41
	android:allowBackup
		ADDED from src\main\AndroidManifest.xml:52:9-35
	android:icon
		ADDED from src\main\AndroidManifest.xml:53:9-41
	android:theme
		ADDED from src\main\AndroidManifest.xml:55:9-40
	android:name
		ADDED from src\main\AndroidManifest.xml:51:9-43
activity#org.dync.teameeting.activity.MainActivity
ADDED from src\main\AndroidManifest.xml:56:9-62:20
	android:screenOrientation
		ADDED from src\main\AndroidManifest.xml:59:13-49
	android:label
		ADDED from src\main\AndroidManifest.xml:58:13-45
	android:windowSoftInputMode
		ADDED from src\main\AndroidManifest.xml:61:13-52
	android:theme
		ADDED from src\main\AndroidManifest.xml:60:13-66
	android:name
		ADDED from src\main\AndroidManifest.xml:57:13-50
activity#org.dync.teameeting.activity.StartFlashActivity
ADDED from src\main\AndroidManifest.xml:63:9-73:20
	android:screenOrientation
		ADDED from src\main\AndroidManifest.xml:66:13-49
	android:label
		ADDED from src\main\AndroidManifest.xml:65:13-45
	android:theme
		ADDED from src\main\AndroidManifest.xml:67:13-66
	android:name
		ADDED from src\main\AndroidManifest.xml:64:13-56
intent-filter#android.intent.action.MAIN+android.intent.category.LAUNCHER
ADDED from src\main\AndroidManifest.xml:68:13-72:29
action#android.intent.action.MAIN
ADDED from src\main\AndroidManifest.xml:69:17-69
	android:name
		ADDED from src\main\AndroidManifest.xml:69:25-66
category#android.intent.category.LAUNCHER
ADDED from src\main\AndroidManifest.xml:71:17-77
	android:name
		ADDED from src\main\AndroidManifest.xml:71:27-74
activity#org.dync.teameeting.activity.GuideActivity
ADDED from src\main\AndroidManifest.xml:74:9-78:20
	android:label
		ADDED from src\main\AndroidManifest.xml:76:13-45
	android:theme
		ADDED from src\main\AndroidManifest.xml:77:13-66
	android:name
		ADDED from src\main\AndroidManifest.xml:75:13-51
activity#org.dync.teameeting.activity.InvitePeopleActivity
ADDED from src\main\AndroidManifest.xml:79:9-83:20
	android:label
		ADDED from src\main\AndroidManifest.xml:81:13-45
	android:theme
		ADDED from src\main\AndroidManifest.xml:82:13-66
	android:name
		ADDED from src\main\AndroidManifest.xml:80:13-58
activity#org.dync.teameeting.activity.RoomSettingActivity
ADDED from src\main\AndroidManifest.xml:84:9-88:20
	android:label
		ADDED from src\main\AndroidManifest.xml:86:13-45
	android:theme
		ADDED from src\main\AndroidManifest.xml:87:13-66
	android:name
		ADDED from src\main\AndroidManifest.xml:85:13-57
activity#org.dync.teameeting.activity.MeetingActivity
ADDED from src\main\AndroidManifest.xml:89:9-95:20
	android:label
		ADDED from src\main\AndroidManifest.xml:92:13-45
	android:windowSoftInputMode
		ADDED from src\main\AndroidManifest.xml:94:13-55
	android:configChanges
		ADDED from src\main\AndroidManifest.xml:91:13-74
	android:theme
		ADDED from src\main\AndroidManifest.xml:93:13-66
	android:name
		ADDED from src\main\AndroidManifest.xml:90:13-53
activity#org.dync.teameeting.activity.ShareActivity
ADDED from src\main\AndroidManifest.xml:96:9-100:20
	android:label
		ADDED from src\main\AndroidManifest.xml:98:13-45
	android:theme
		ADDED from src\main\AndroidManifest.xml:99:13-66
	android:name
		ADDED from src\main\AndroidManifest.xml:97:13-51
activity#org.dync.teameeting.TestActivity
ADDED from src\main\AndroidManifest.xml:103:9-111:20
	android:exported
		ADDED from src\main\AndroidManifest.xml:105:13-37
	android:name
		ADDED from src\main\AndroidManifest.xml:104:13-60
intent-filter#jpush.testAction+jpush.testCategory
ADDED from src\main\AndroidManifest.xml:106:13-110:29
action#jpush.testAction
ADDED from src\main\AndroidManifest.xml:107:17-59
	android:name
		ADDED from src\main\AndroidManifest.xml:107:25-56
category#jpush.testCategory
ADDED from src\main\AndroidManifest.xml:109:17-63
	android:name
		ADDED from src\main\AndroidManifest.xml:109:27-60
service#cn.jpush.android.service.PushService
ADDED from src\main\AndroidManifest.xml:115:9-125:19
	android:enabled
		ADDED from src\main\AndroidManifest.xml:117:13-35
	android:exported
		ADDED from src\main\AndroidManifest.xml:118:13-37
	android:name
		ADDED from src\main\AndroidManifest.xml:116:13-64
intent-filter#cn.jpush.android.intent.PUSH_TIME+cn.jpush.android.intent.PushService+cn.jpush.android.intent.REGISTER+cn.jpush.android.intent.REPORT
ADDED from src\main\AndroidManifest.xml:119:13-124:29
action#cn.jpush.android.intent.REGISTER
ADDED from src\main\AndroidManifest.xml:120:17-75
	android:name
		ADDED from src\main\AndroidManifest.xml:120:25-72
action#cn.jpush.android.intent.REPORT
ADDED from src\main\AndroidManifest.xml:121:17-73
	android:name
		ADDED from src\main\AndroidManifest.xml:121:25-70
action#cn.jpush.android.intent.PushService
ADDED from src\main\AndroidManifest.xml:122:17-78
	android:name
		ADDED from src\main\AndroidManifest.xml:122:25-75
action#cn.jpush.android.intent.PUSH_TIME
ADDED from src\main\AndroidManifest.xml:123:17-76
	android:name
		ADDED from src\main\AndroidManifest.xml:123:25-73
service#cn.jpush.android.service.DaemonService
ADDED from src\main\AndroidManifest.xml:129:9-138:19
	android:enabled
		ADDED from src\main\AndroidManifest.xml:131:13-35
	android:exported
		ADDED from src\main\AndroidManifest.xml:132:13-36
	android:name
		ADDED from src\main\AndroidManifest.xml:130:13-66
intent-filter#cn.jpush.android.intent.DaemonService+org.dync.teameeting
ADDED from src\main\AndroidManifest.xml:133:13-137:29
action#cn.jpush.android.intent.DaemonService
ADDED from src\main\AndroidManifest.xml:134:17-80
	android:name
		ADDED from src\main\AndroidManifest.xml:134:25-77
category#org.dync.teameeting
ADDED from src\main\AndroidManifest.xml:136:17-64
	android:name
		ADDED from src\main\AndroidManifest.xml:136:27-61
receiver#cn.jpush.android.service.PushReceiver
ADDED from src\main\AndroidManifest.xml:141:9-160:20
	android:enabled
		ADDED from src\main\AndroidManifest.xml:143:13-35
	android:name
		ADDED from src\main\AndroidManifest.xml:142:13-65
intent-filter#cn.jpush.android.intent.NOTIFICATION_RECEIVED_PROXY+org.dync.teameeting
ADDED from src\main\AndroidManifest.xml:144:13-148:29
	android:priority
		ADDED from src\main\AndroidManifest.xml:144:28-51
action#cn.jpush.android.intent.NOTIFICATION_RECEIVED_PROXY
ADDED from src\main\AndroidManifest.xml:145:17-94
	android:name
		ADDED from src\main\AndroidManifest.xml:145:25-91
intent-filter#android.intent.action.USER_PRESENT+android.net.conn.CONNECTIVITY_CHANGE
ADDED from src\main\AndroidManifest.xml:149:13-152:29
action#android.intent.action.USER_PRESENT
ADDED from src\main\AndroidManifest.xml:150:17-77
	android:name
		ADDED from src\main\AndroidManifest.xml:150:25-74
action#android.net.conn.CONNECTIVITY_CHANGE
ADDED from src\main\AndroidManifest.xml:151:17-79
	android:name
		ADDED from src\main\AndroidManifest.xml:151:25-76
intent-filter#android.intent.action.PACKAGE_ADDED+android.intent.action.PACKAGE_REMOVED
ADDED from src\main\AndroidManifest.xml:154:13-159:29
action#android.intent.action.PACKAGE_ADDED
ADDED from src\main\AndroidManifest.xml:155:17-78
	android:name
		ADDED from src\main\AndroidManifest.xml:155:25-75
action#android.intent.action.PACKAGE_REMOVED
ADDED from src\main\AndroidManifest.xml:156:17-80
	android:name
		ADDED from src\main\AndroidManifest.xml:156:25-77
data
ADDED from src\main\AndroidManifest.xml:158:17-50
	android:scheme
		ADDED from src\main\AndroidManifest.xml:158:23-47
activity#cn.jpush.android.ui.PushActivity
ADDED from src\main\AndroidManifest.xml:162:9-172:20
	android:exported
		ADDED from src\main\AndroidManifest.xml:165:13-37
	android:configChanges
		ADDED from src\main\AndroidManifest.xml:164:13-63
	android:name
		ADDED from src\main\AndroidManifest.xml:163:13-60
intent-filter#android.intent.category.DEFAULT+cn.jpush.android.ui.PushActivity+org.dync.teameeting
ADDED from src\main\AndroidManifest.xml:166:13-171:29
action#cn.jpush.android.ui.PushActivity
ADDED from src\main\AndroidManifest.xml:167:17-75
	android:name
		ADDED from src\main\AndroidManifest.xml:167:25-72
category#android.intent.category.DEFAULT
ADDED from src\main\AndroidManifest.xml:169:17-76
	android:name
		ADDED from src\main\AndroidManifest.xml:169:27-73
service#cn.jpush.android.service.DownloadService
ADDED from src\main\AndroidManifest.xml:174:9-178:19
	android:enabled
		ADDED from src\main\AndroidManifest.xml:176:13-35
	android:exported
		ADDED from src\main\AndroidManifest.xml:177:13-37
	android:name
		ADDED from src\main\AndroidManifest.xml:175:13-68
receiver#cn.jpush.android.service.AlarmReceiver
ADDED from src\main\AndroidManifest.xml:180:9-75
	android:name
		ADDED from src\main\AndroidManifest.xml:180:19-72
receiver#org.dync.teameeting.receiver.MyReceiver
ADDED from src\main\AndroidManifest.xml:183:9-204:20
	android:enabled
		ADDED from src\main\AndroidManifest.xml:185:13-35
	android:name
		ADDED from src\main\AndroidManifest.xml:184:13-48
intent-filter#cn.jpush.android.intent.ACTION_RICHPUSH_CALLBACK+cn.jpush.android.intent.CONNECTION+cn.jpush.android.intent.MESSAGE_RECEIVED+cn.jpush.android.intent.NOTIFICATION_OPENED+cn.jpush.android.intent.NOTIFICATION_RECEIVED+cn.jpush.android.intent.REGISTRATION+cn.jpush.android.intent.UNREGISTRATION+org.dync.teameeting
ADDED from src\main\AndroidManifest.xml:186:13-203:29
action#cn.jpush.android.intent.REGISTRATION
ADDED from src\main\AndroidManifest.xml:189:17-79
	android:name
		ADDED from src\main\AndroidManifest.xml:189:25-76
action#cn.jpush.android.intent.UNREGISTRATION
ADDED from src\main\AndroidManifest.xml:190:17-81
	android:name
		ADDED from src\main\AndroidManifest.xml:190:25-78
action#cn.jpush.android.intent.MESSAGE_RECEIVED
ADDED from src\main\AndroidManifest.xml:192:17-83
	android:name
		ADDED from src\main\AndroidManifest.xml:192:25-80
action#cn.jpush.android.intent.NOTIFICATION_RECEIVED
ADDED from src\main\AndroidManifest.xml:194:17-88
	android:name
		ADDED from src\main\AndroidManifest.xml:194:25-85
action#cn.jpush.android.intent.NOTIFICATION_OPENED
ADDED from src\main\AndroidManifest.xml:196:17-86
	android:name
		ADDED from src\main\AndroidManifest.xml:196:25-83
action#cn.jpush.android.intent.ACTION_RICHPUSH_CALLBACK
ADDED from src\main\AndroidManifest.xml:198:17-91
	android:name
		ADDED from src\main\AndroidManifest.xml:198:25-88
action#cn.jpush.android.intent.CONNECTION
ADDED from src\main\AndroidManifest.xml:200:17-77
	android:name
		ADDED from src\main\AndroidManifest.xml:200:25-74
meta-data#JPUSH_CHANNEL
ADDED from src\main\AndroidManifest.xml:212:9-214:49
	android:value
		ADDED from src\main\AndroidManifest.xml:214:13-46
	android:name
		ADDED from src\main\AndroidManifest.xml:213:13-41
meta-data#JPUSH_APPKEY
ADDED from src\main\AndroidManifest.xml:216:9-218:56
	android:value
		ADDED from src\main\AndroidManifest.xml:218:13-53
	android:name
		ADDED from src\main\AndroidManifest.xml:217:13-40
activity#org.dync.teameeting.PushSetActivity
ADDED from src\main\AndroidManifest.xml:220:9-223:20
	android:label
		ADDED from src\main\AndroidManifest.xml:222:13-60
	android:name
		ADDED from src\main\AndroidManifest.xml:221:13-44